<?xml version="1.0" encoding="UTF-8"?>
<testsuite xmlns:xsi="http://www.w3.org/2001/XMLSchema-instance" xsi:noNamespaceSchemaLocation="https://maven.apache.org/surefire/maven-surefire-plugin/xsd/surefire-test-report.xsd" name="com.myproject.project_if66k.tests.exampleTest" time="0.039" tests="1" errors="0" skipped="0" failures="1">
  <properties>
[...]
</properties>
  <testcase name="testSomar" classname="com.myproject.project_if66k.tests.exampleTest" time="0.021">
    <failure message="expected: &lt;4&gt; but was: &lt;5&gt;" type="org.opentest4j.AssertionFailedError"><![CDATA[org.opentest4j.AssertionFailedError: expected: <4> but was: <5>
	at com.myproject.project_if66k.tests.exampleTest.testSomar(exampleTest.java:39)
]]></failure>
    <system-out><![CDATA[somar
]]></system-out>
  </testcase>
</testsuite>